[01m[K/home/mihirlaud/catkin_ws/src/offb/src/offb_node.cpp:[m[K In function ‘[01m[Kint main(int, char**)[m[K’:
[01m[K/home/mihirlaud/catkin_ws/src/offb/src/offb_node.cpp:18:46:[m[K [01;31m[Kerror: [m[K‘[01m[Kmavros_msgs[m[K’ was not declared in this scope
     ros::Subscriber state_sub = nh.subscribe<[01;31m[Kmavros_msgs[m[K::State>
                                              [01;31m[K^~~~~~~~~~~[m[K
[01m[K/home/mihirlaud/catkin_ws/src/offb/src/offb_node.cpp:18:36:[m[K [01;31m[Kerror: [m[Kparse error in template argument list
     ros::Subscriber state_sub = nh.[01;31m[Ksubscribe<mavros_msgs::State>[m[K
                                    [01;31m[K^~~~~~~~~~~~~~~~~~~~~~~~~~~~~[m[K
[01m[K/home/mihirlaud/catkin_ws/src/offb/src/offb_node.cpp:19:34:[m[K [01;31m[Kerror: [m[K‘[01m[Kstate_cb[m[K’ was not declared in this scope
             ("mavros/state", 10, [01;31m[Kstate_cb[m[K);
                                  [01;31m[K^~~~~~~~[m[K
[01m[K/home/mihirlaud/catkin_ws/src/offb/src/offb_node.cpp:19:34:[m[K [01;36m[Knote: [m[Ksuggested alternative: ‘[01m[Kstate_sub[m[K’
             ("mavros/state", 10, [01;36m[Kstate_cb[m[K);
                                  [01;36m[K^~~~~~~~[m[K
                                  [32m[Kstate_sub[m[K
[01m[K/home/mihirlaud/catkin_ws/src/offb/src/offb_node.cpp:20:49:[m[K [01;31m[Kerror: [m[K‘[01m[Kgeometry_msgs[m[K’ was not declared in this scope
     ros::Publisher local_pos_pub = nh.advertise<[01;31m[Kgeometry_msgs[m[K::PoseStamped>
                                                 [01;31m[K^~~~~~~~~~~~~[m[K
[01m[K/home/mihirlaud/catkin_ws/src/offb/src/offb_node.cpp:20:39:[m[K [01;31m[Kerror: [m[Kparse error in template argument list
     ros::Publisher local_pos_pub = nh.[01;31m[Kadvertise<geometry_msgs::PoseStamped>[m[K
                                       [01;31m[K^~~~~~~~~~~~~~~~~~~~~~~~~~~~~~~~~~~~~[m[K
[01m[K/home/mihirlaud/catkin_ws/src/offb/src/offb_node.cpp:21:50:[m[K [01;31m[Kerror: [m[Kno matching function for call to ‘[01m[Kros::NodeHandle::advertise<<expression error> >(const char [31], int)[m[K’
             ("mavros/setpoint_position/local", 10[01;31m[K)[m[K;
                                                  [01;31m[K^[m[K
In file included from [01m[K/opt/ros/melodic/include/ros/ros.h:45:0[m[K,
                 from [01m[K/home/mihirlaud/catkin_ws/src/offb/src/offb_node.cpp:7[m[K:
[01m[K/opt/ros/melodic/include/ros/node_handle.h:249:15:[m[K [01;36m[Knote: [m[Kcandidate: template<class M> ros::Publisher ros::NodeHandle::advertise(const string&, uint32_t, bool)
     Publisher [01;36m[Kadvertise[m[K(const std::string& topic, uint32_t queue_size, bool latch = false)
               [01;36m[K^~~~~~~~~[m[K
[01m[K/opt/ros/melodic/include/ros/node_handle.h:249:15:[m[K [01;36m[Knote: [m[K  template argument deduction/substitution failed:
[01m[K/home/mihirlaud/catkin_ws/src/offb/src/offb_node.cpp:21:50:[m[K [01;31m[Kerror: [m[Ktemplate argument 1 is invalid
             ("mavros/setpoint_position/local", 10[01;31m[K)[m[K;
                                                  [01;31m[K^[m[K
In file included from [01m[K/opt/ros/melodic/include/ros/ros.h:45:0[m[K,
                 from [01m[K/home/mihirlaud/catkin_ws/src/offb/src/offb_node.cpp:7[m[K:
[01m[K/opt/ros/melodic/include/ros/node_handle.h:315:13:[m[K [01;36m[Knote: [m[Kcandidate: template<class M> ros::Publisher ros::NodeHandle::advertise(const string&, uint32_t, const SubscriberStatusCallback&, const SubscriberStatusCallback&, const VoidConstPtr&, bool)
   Publisher [01;36m[Kadvertise[m[K(const std::string& topic, uint32_t queue_size,
             [01;36m[K^~~~~~~~~[m[K
[01m[K/opt/ros/melodic/include/ros/node_handle.h:315:13:[m[K [01;36m[Knote: [m[K  template argument deduction/substitution failed:
[01m[K/home/mihirlaud/catkin_ws/src/offb/src/offb_node.cpp:21:50:[m[K [01;31m[Kerror: [m[Ktemplate argument 1 is invalid
             ("mavros/setpoint_position/local", 10[01;31m[K)[m[K;
                                                  [01;31m[K^[m[K
[01m[K/home/mihirlaud/catkin_ws/src/offb/src/offb_node.cpp:22:43:[m[K [01;31m[Kerror: [m[Kparse error in template argument list
     ros::ServiceClient arming_client = nh.[01;31m[KserviceClient<mavros_msgs::CommandBool>[m[K
                                           [01;31m[K^~~~~~~~~~~~~~~~~~~~~~~~~~~~~~~~~~~~~~~[m[K
[01m[K/home/mihirlaud/catkin_ws/src/offb/src/offb_node.cpp:23:33:[m[K [01;31m[Kerror: [m[Kno matching function for call to ‘[01m[Kros::NodeHandle::serviceClient<mavros_msgs>(const char [18])[m[K’
             ("mavros/cmd/arming"[01;31m[K)[m[K;
                                 [01;31m[K^[m[K
In file included from [01m[K/opt/ros/melodic/include/ros/ros.h:45:0[m[K,
                 from [01m[K/home/mihirlaud/catkin_ws/src/offb/src/offb_node.cpp:7[m[K:
[01m[K/opt/ros/melodic/include/ros/node_handle.h:1240:17:[m[K [01;36m[Knote: [m[Kcandidate: template<class MReq, class MRes> ros::ServiceClient ros::NodeHandle::serviceClient(const string&, bool, const M_string&)
   ServiceClient [01;36m[KserviceClient[m[K(const std::string& service_name, bool persistent = false,
                 [01;36m[K^~~~~~~~~~~~~[m[K
[01m[K/opt/ros/melodic/include/ros/node_handle.h:1240:17:[m[K [01;36m[Knote: [m[K  template argument deduction/substitution failed:
[01m[K/opt/ros/melodic/include/ros/node_handle.h:1260:17:[m[K [01;36m[Knote: [m[Kcandidate: template<class Service> ros::ServiceClient ros::NodeHandle::serviceClient(const string&, bool, const M_string&)
   ServiceClient [01;36m[KserviceClient[m[K(const std::string& service_name, bool persistent = false,
                 [01;36m[K^~~~~~~~~~~~~[m[K
[01m[K/opt/ros/melodic/include/ros/node_handle.h:1260:17:[m[K [01;36m[Knote: [m[K  template argument deduction/substitution failed:
[01m[K/home/mihirlaud/catkin_ws/src/offb/src/offb_node.cpp:24:45:[m[K [01;31m[Kerror: [m[Kparse error in template argument list
     ros::ServiceClient set_mode_client = nh.[01;31m[KserviceClient<mavros_msgs::SetMode>[m[K
                                             [01;31m[K^~~~~~~~~~~~~~~~~~~~~~~~~~~~~~~~~~~[m[K
[01m[K/home/mihirlaud/catkin_ws/src/offb/src/offb_node.cpp:25:31:[m[K [01;31m[Kerror: [m[Kno matching function for call to ‘[01m[Kros::NodeHandle::serviceClient<mavros_msgs>(const char [16])[m[K’
             ("mavros/set_mode"[01;31m[K)[m[K;
                               [01;31m[K^[m[K
In file included from [01m[K/opt/ros/melodic/include/ros/ros.h:45:0[m[K,
                 from [01m[K/home/mihirlaud/catkin_ws/src/offb/src/offb_node.cpp:7[m[K:
[01m[K/opt/ros/melodic/include/ros/node_handle.h:1240:17:[m[K [01;36m[Knote: [m[Kcandidate: template<class MReq, class MRes> ros::ServiceClient ros::NodeHandle::serviceClient(const string&, bool, const M_string&)
   ServiceClient [01;36m[KserviceClient[m[K(const std::string& service_name, bool persistent = false,
                 [01;36m[K^~~~~~~~~~~~~[m[K
[01m[K/opt/ros/melodic/include/ros/node_handle.h:1240:17:[m[K [01;36m[Knote: [m[K  template argument deduction/substitution failed:
[01m[K/opt/ros/melodic/include/ros/node_handle.h:1260:17:[m[K [01;36m[Knote: [m[Kcandidate: template<class Service> ros::ServiceClient ros::NodeHandle::serviceClient(const string&, bool, const M_string&)
   ServiceClient [01;36m[KserviceClient[m[K(const std::string& service_name, bool persistent = false,
                 [01;36m[K^~~~~~~~~~~~~[m[K
[01m[K/opt/ros/melodic/include/ros/node_handle.h:1260:17:[m[K [01;36m[Knote: [m[K  template argument deduction/substitution failed:
[01m[K/home/mihirlaud/catkin_ws/src/offb/src/offb_node.cpp:31:25:[m[K [01;31m[Kerror: [m[K‘[01m[Kcurrent_state[m[K’ was not declared in this scope
     while(ros::ok() && ![01;31m[Kcurrent_state[m[K.connected){
                         [01;31m[K^~~~~~~~~~~~~[m[K
[01m[K/home/mihirlaud/catkin_ws/src/offb/src/offb_node.cpp:31:25:[m[K [01;36m[Knote: [m[Ksuggested alternative: ‘[01m[Ksetstate[m[K’
     while(ros::ok() && ![01;36m[Kcurrent_state[m[K.connected){
                         [01;36m[K^~~~~~~~~~~~~[m[K
                         [32m[Ksetstate[m[K
[01m[K/home/mihirlaud/catkin_ws/src/offb/src/offb_node.cpp:36:5:[m[K [01;31m[Kerror: [m[K‘[01m[Kgeometry_msgs[m[K’ is not a class, namespace, or enumeration
     [01;31m[Kgeometry_msgs[m[K::PoseStamped pose;
     [01;31m[K^~~~~~~~~~~~~[m[K
[01m[K/home/mihirlaud/catkin_ws/src/offb/src/offb_node.cpp:37:5:[m[K [01;31m[Kerror: [m[K‘[01m[Kpose[m[K’ was not declared in this scope
     [01;31m[Kpose[m[K.pose.position.x = 0;
     [01;31m[K^~~~[m[K
[01m[K/home/mihirlaud/catkin_ws/src/offb/src/offb_node.cpp:37:5:[m[K [01;36m[Knote: [m[Ksuggested alternative: ‘[01m[Kpowq[m[K’
     [01;36m[Kpose[m[K.pose.position.x = 0;
     [01;36m[K^~~~[m[K
     [32m[Kpowq[m[K
[01m[K/home/mihirlaud/catkin_ws/src/offb/src/offb_node.cpp:48:5:[m[K [01;31m[Kerror: [m[K‘[01m[Kmavros_msgs[m[K’ is not a class, namespace, or enumeration
     [01;31m[Kmavros_msgs[m[K::SetMode offb_set_mode;
     [01;31m[K^~~~~~~~~~~[m[K
[01m[K/home/mihirlaud/catkin_ws/src/offb/src/offb_node.cpp:49:5:[m[K [01;31m[Kerror: [m[K‘[01m[Koffb_set_mode[m[K’ was not declared in this scope
     [01;31m[Koffb_set_mode[m[K.request.custom_mode = "OFFBOARD";
     [01;31m[K^~~~~~~~~~~~~[m[K
[01m[K/home/mihirlaud/catkin_ws/src/offb/src/offb_node.cpp:49:5:[m[K [01;36m[Knote: [m[Ksuggested alternative: ‘[01m[Koffsetof[m[K’
     [01;36m[Koffb_set_mode[m[K.request.custom_mode = "OFFBOARD";
     [01;36m[K^~~~~~~~~~~~~[m[K
     [32m[Koffsetof[m[K
[01m[K/home/mihirlaud/catkin_ws/src/offb/src/offb_node.cpp:51:5:[m[K [01;31m[Kerror: [m[K‘[01m[Kmavros_msgs[m[K’ is not a class, namespace, or enumeration
     [01;31m[Kmavros_msgs[m[K::CommandBool arm_cmd;
     [01;31m[K^~~~~~~~~~~[m[K
[01m[K/home/mihirlaud/catkin_ws/src/offb/src/offb_node.cpp:52:5:[m[K [01;31m[Kerror: [m[K‘[01m[Karm_cmd[m[K’ was not declared in this scope
     [01;31m[Karm_cmd[m[K.request.value = true;
     [01;31m[K^~~~~~~[m[K
[01m[K/home/mihirlaud/catkin_ws/src/offb/src/offb_node.cpp:57:13:[m[K [01;31m[Kerror: [m[K‘[01m[Kcurrent_state[m[K’ was not declared in this scope
         if( [01;31m[Kcurrent_state[m[K.mode != "OFFBOARD" &&
             [01;31m[K^~~~~~~~~~~~~[m[K
[01m[K/home/mihirlaud/catkin_ws/src/offb/src/offb_node.cpp:57:13:[m[K [01;36m[Knote: [m[Ksuggested alternative: ‘[01m[Ksetstate[m[K’
         if( [01;36m[Kcurrent_state[m[K.mode != "OFFBOARD" &&
             [01;36m[K^~~~~~~~~~~~~[m[K
             [32m[Ksetstate[m[K
make[2]: *** [CMakeFiles/offb_node.dir/src/offb_node.cpp.o] Error 1
make[1]: *** [CMakeFiles/offb_node.dir/all] Error 2
make: *** [all] Error 2
